<?xml version="1.0" encoding="UTF-8"?>
<testsuites>
  <testsuite name="is-it-friday-yet?" tests="2" failures="1" skipped="0" errors="0" time="0.004">
    <testcase classname="sunday-isn&apos;t-friday" name="Sunday isn&apos;t Friday" time="0.001">
      <properties>
      </properties>
    </testcase>
    <testcase classname="friday-is-friday" name="Friday is Friday" time="0.003">
      <properties>
      </properties>
      <failure message="AssertionError">AssertionError [ERR_ASSERTION]: Expected values to be strictly equal:

&apos;TGIF&apos; !== &apos;Nope&apos;

    + expected - actual

    -TGIF
    +Nope

    at World.&lt;anonymous&gt; (C:\Users\demo\octane-cucumberjs\features\step_definitions\stepdefs.js:25:12)</failure>
    </testcase>
  </testsuite>
</testsuites>